æœ¬æ¬¡ä¸€å…±éœ€æ‰§è¡Œ 1 æ¡caseã€‚
è¿è¡Œè„šæœ¬ï¼šershouche.sh
è¿è¡Œè®¾å¤‡ï¼šd81574df
å¯åŠ¨appé¦–é¡µ
Starting: Intent { cmp=com.wuba/.home.activity.HomeActivity }
[32méœ€éªŒè¯é¡µé¢å…ƒç´ ï¼šäºŒæ‰‹ç‰©å“ [0m
[32m--éªŒè¯å…ƒç´ ï¼šäºŒæ‰‹ç‰©å“ [0m
UI hierchary dumped to: /storage/emulated/legacy/window_dump.xml
[100%] /sdcard/window_dump.xml
[32mé¡µé¢å…ƒç´ :äºŒæ‰‹ç‰©å“ éªŒè¯æˆåŠŸ[0m
[32mClick elemnet : äºŒæ‰‹è½¦ [0m
æ§ä»¶ä½ç½®ï¼š[0,535][144,565]
ç‚¹å‡»é¡µé¢åæ ‡ï¼š(72,550)
[32méœ€éªŒè¯é¡µé¢å…ƒç´ ï¼šå¤§ä¼— Link [0m
[32m--éªŒè¯å…ƒç´ ï¼šå¤§ä¼— [0m
UI hierchary dumped to: /storage/emulated/legacy/window_dump.xml
[100%] /sdcard/window_dump.xml
UI hierchary dumped to: /storage/emulated/legacy/window_dump.xml
[ 89%] /sdcard/window_dump.xml
[100%] /sdcard/window_dump.xml
[32mé¡µé¢å…ƒç´ :å¤§ä¼— Link éªŒè¯æˆåŠŸ[0m
[32mClick elemnet : å¤§ä¼— Link [0m
æ§ä»¶ä½ç½®ï¼š[0,836][166,938]
[0,836][166,876]
ç‚¹å‡»é¡µé¢åæ ‡ï¼š(83,887)
[32méœ€éªŒè¯é¡µé¢å…ƒç´ ï¼šcom.wuba.car:id/list_item_title [0m
[32m--éªŒè¯å…ƒç´ ï¼šcom.wuba.car:id/list_item_title [0m
UI hierchary dumped to: /storage/emulated/legacy/window_dump.xml
[100%] /sdcard/window_dump.xml
UI hierchary dumped to: /storage/emulated/legacy/window_dump.xml
[100%] /sdcard/window_dump.xml
[32mé¡µé¢å…ƒç´ :com.wuba.car:id/list_item_title éªŒè¯æˆåŠŸ[0m
[32mClick elemnet : com.wuba.car:id/list_item_title [0m
æ§ä»¶ä½ç½®ï¼š[270,454][690,548]
[270,675][690,769]
[270,896][690,990]
[270,1117][690,1211]
ç‚¹å‡»é¡µé¢åæ ‡ï¼š(480,501)
[32méœ€éªŒè¯é¡µé¢å…ƒç´ ï¼šæŸ¥çœ‹æ–°è½¦æŠ¥ä»· [0m
[32m--éªŒè¯å…ƒç´ ï¼šæŸ¥çœ‹æ–°è½¦æŠ¥ä»· [0m
UI hierchary dumped to: /storage/emulated/legacy/window_dump.xml
[100%] /sdcard/window_dump.xml
[32mé¡µé¢å…ƒç´ :æŸ¥çœ‹æ–°è½¦æŠ¥ä»· éªŒè¯æˆåŠŸ[0m
[32mClick elemnet : äº¤è°ˆ [0m
æ§ä»¶ä½ç½®ï¼š[597,1228][645,1261]
ç‚¹å‡»é¡µé¢åæ ‡ï¼š(621,1244)
[32méœ€éªŒè¯é¡µé¢å…ƒç´ ï¼šä½ å¥½ï¼Œåœ¨å—? [0m
[32m--éªŒè¯å…ƒç´ ï¼šä½ å¥½ï¼Œåœ¨å—? [0m
UI hierchary dumped to: /storage/emulated/legacy/window_dump.xml
[100%] /sdcard/window_dump.xml
[32mé¡µé¢å…ƒç´ :ä½ å¥½ï¼Œåœ¨å—? éªŒè¯æˆåŠŸ[0m
[32mBack[0m
[32mBack[0m
